GowinSynthesis start
Running parser ...
Analyzing Verilog file 'H:\GOWIN\Project\loongxin3\src\fifo_topx\temp\FIFO\fifo_define.v'
Analyzing Verilog file 'H:\GOWIN\Project\loongxin3\src\fifo_topx\temp\FIFO\fifo_parameter.v'
Analyzing Verilog file 'H:\GOWIN\Gowin_V1.9.10_x64\IDE\ipcore\FIFO\data\edc.v'
Analyzing included file 'fifo_define.v'("H:\GOWIN\Gowin_V1.9.10_x64\IDE\ipcore\FIFO\data\edc.v":14373)
Back to file 'H:\GOWIN\Gowin_V1.9.10_x64\IDE\ipcore\FIFO\data\edc.v'("H:\GOWIN\Gowin_V1.9.10_x64\IDE\ipcore\FIFO\data\edc.v":14373)
Undeclared symbol 'Reset', assumed default net type 'wire'("H:\GOWIN\Gowin_V1.9.10_x64\IDE\ipcore\FIFO\data\edc.v":14373)
Undeclared symbol 'RPReset', assumed default net type 'wire'("H:\GOWIN\Gowin_V1.9.10_x64\IDE\ipcore\FIFO\data\edc.v":14373)
Analyzing Verilog file 'H:\GOWIN\Gowin_V1.9.10_x64\IDE\ipcore\FIFO\data\fifo.v'
Analyzing included file 'fifo_define.v'("H:\GOWIN\Gowin_V1.9.10_x64\IDE\ipcore\FIFO\data\fifo.v":553)
Back to file 'H:\GOWIN\Gowin_V1.9.10_x64\IDE\ipcore\FIFO\data\fifo.v'("H:\GOWIN\Gowin_V1.9.10_x64\IDE\ipcore\FIFO\data\fifo.v":553)
Analyzing included file 'fifo_parameter.v'("H:\GOWIN\Gowin_V1.9.10_x64\IDE\ipcore\FIFO\data\fifo.v":553)
Back to file 'H:\GOWIN\Gowin_V1.9.10_x64\IDE\ipcore\FIFO\data\fifo.v'("H:\GOWIN\Gowin_V1.9.10_x64\IDE\ipcore\FIFO\data\fifo.v":553)
Analyzing Verilog file 'H:\GOWIN\Gowin_V1.9.10_x64\IDE\ipcore\FIFO\data\fifo_top.v'
Analyzing included file 'fifo_define.v'("H:\GOWIN\Gowin_V1.9.10_x64\IDE\ipcore\FIFO\data\fifo_top.v":1)
Back to file 'H:\GOWIN\Gowin_V1.9.10_x64\IDE\ipcore\FIFO\data\fifo_top.v'("H:\GOWIN\Gowin_V1.9.10_x64\IDE\ipcore\FIFO\data\fifo_top.v":1)
Analyzing included file 'fifo_parameter.v'("H:\GOWIN\Gowin_V1.9.10_x64\IDE\ipcore\FIFO\data\fifo_top.v":56)
Back to file 'H:\GOWIN\Gowin_V1.9.10_x64\IDE\ipcore\FIFO\data\fifo_top.v'("H:\GOWIN\Gowin_V1.9.10_x64\IDE\ipcore\FIFO\data\fifo_top.v":56)
WARN  (EX2582) : Parameter 'WDEPTH' declared inside compilation unit '$unit_fifo_define_v' shall be treated as localparam("fifo_parameter.v":1)
WARN  (EX2582) : Parameter 'WDSIZE' declared inside compilation unit '$unit_fifo_define_v' shall be treated as localparam("fifo_parameter.v":2)
WARN  (EX2582) : Parameter 'RDEPTH' declared inside compilation unit '$unit_fifo_define_v' shall be treated as localparam("fifo_parameter.v":3)
WARN  (EX2582) : Parameter 'RDSIZE' declared inside compilation unit '$unit_fifo_define_v' shall be treated as localparam("fifo_parameter.v":4)
WARN  (EX2582) : Parameter 'AFULL' declared inside compilation unit '$unit_fifo_define_v' shall be treated as localparam("fifo_parameter.v":5)
WARN  (EX2582) : Parameter 'ASIZE' declared inside compilation unit '$unit_fifo_define_v' shall be treated as localparam("fifo_parameter.v":6)
WARN  (EX2582) : Parameter 'RASIZE' declared inside compilation unit '$unit_fifo_define_v' shall be treated as localparam("fifo_parameter.v":7)
Compiling module 'fifo_topx'("H:\GOWIN\Gowin_V1.9.10_x64\IDE\ipcore\FIFO\data\fifo_top.v":3)
Compiling module '**'("H:\GOWIN\Gowin_V1.9.10_x64\IDE\ipcore\FIFO\data\fifo.v":553)
Extracting RAM for identifier '**'("H:\GOWIN\Gowin_V1.9.10_x64\IDE\ipcore\FIFO\data\fifo.v":553)
NOTE  (EX0101) : Current top module is "fifo_topx"
[5%] Running netlist conversion ...
Running device independent optimization ...
[10%] Optimizing Phase 0 completed
[15%] Optimizing Phase 1 completed
[25%] Optimizing Phase 2 completed
Running inference ...
[30%] Inferring Phase 0 completed
[40%] Inferring Phase 1 completed
[50%] Inferring Phase 2 completed
[55%] Inferring Phase 3 completed
Running technical mapping ...
[60%] Tech-Mapping Phase 0 completed
[65%] Tech-Mapping Phase 1 completed
[75%] Tech-Mapping Phase 2 completed
[80%] Tech-Mapping Phase 3 completed
[90%] Tech-Mapping Phase 4 completed
[95%] Generate netlist file "H:\GOWIN\Project\loongxin3\src\fifo_topx\temp\FIFO\fifo_topx.vg" completed
Generate template file "H:\GOWIN\Project\loongxin3\src\fifo_topx\temp\FIFO\fifo_topx_tmp.v" completed
[100%] Generate report file "H:\GOWIN\Project\loongxin3\src\fifo_topx\temp\FIFO\fifo_topx_syn.rpt.html" completed
GowinSynthesis finish
